<?xml version="1.0" encoding="UTF-8"?>
<!-- Generated by org.testng.reporters.JUnitReportReporter -->
<testsuite skipped="0" hostname="DELL-235CI4GQPV" name="com.class02.priorty" tests="4" failures="0" timestamp="06 Jun 2019 22:21:40 GMT" time="0.031" errors="0">
  <testcase name="fist" time="0.000" classname="com.class02.priorty"/>
  <testcase name="second" time="0.016" classname="com.class02.priorty"/>
  <testcase name="third" time="0.015" classname="com.class02.priorty"/>
  <testcase name="forth" time="0.000" classname="com.class02.priorty"/>
</testsuite> <!-- com.class02.priorty -->
