<?xml version="1.0" encoding="UTF-8"?>
<!-- Generated by org.testng.reporters.JUnitReportReporter -->
<testsuite skipped="0" hostname="DELL-235CI4GQPV" name="com.class03.BasicXMLPartOne" tests="3" failures="0" timestamp="06 Jun 2019 23:29:23 GMT" time="0.086" errors="0">
  <testcase name="testOneFromBasic1" time="0.054" classname="com.class03.BasicXMLPartOne"/>
  <testcase name="testSecondFromBasic1" time="0.016" classname="com.class03.BasicXMLPartOne"/>
  <testcase name="testThirdFromBasic1" time="0.016" classname="com.class03.BasicXMLPartOne"/>
</testsuite> <!-- com.class03.BasicXMLPartOne -->
