<?xml version="1.0" encoding="UTF-8"?>
<!-- Generated by org.testng.reporters.JUnitReportReporter -->
<testsuite skipped="2" hostname="DELL-235CI4GQPV" name="com.class02.enableAndDisable" tests="4" failures="0" timestamp="06 Jun 2019 22:21:40 GMT" time="0.049" errors="0">
  <testcase name="second" time="0.043" classname="com.class02.enableAndDisable"/>
  <testcase name="forth" time="0.006" classname="com.class02.enableAndDisable"/>
  <testcase name="third" classname="com.class02.enableAndDisable">
    <skipped/>
  </testcase> <!-- third -->
  <testcase name="fist" classname="com.class02.enableAndDisable">
    <skipped/>
  </testcase> <!-- fist -->
</testsuite> <!-- com.class02.enableAndDisable -->
