<?xml version="1.0" encoding="UTF-8"?>
<!-- Generated by org.testng.reporters.JUnitReportReporter -->
<testsuite skipped="0" hostname="DELL-235CI4GQPV" name="com.class02.SoftAndHardAssertExamples" tests="2" failures="0" timestamp="06 Jun 2019 22:12:26 GMT" time="20.177" errors="0">
  <testcase name="orangehrmLoginScreen" time="0.047" classname="com.class02.SoftAndHardAssertExamples"/>
  <testcase name="logo" time="20.130" classname="com.class02.SoftAndHardAssertExamples"/>
</testsuite> <!-- com.class02.SoftAndHardAssertExamples -->
