<?xml version="1.0" encoding="UTF-8"?>
<!-- Generated by org.testng.reporters.JUnitReportReporter -->
<testsuite skipped="0" hostname="DELL-235CI4GQPV" name="example.DataProviderExp" tests="3" failures="0" timestamp="07 Jun 2019 19:02:16 GMT" time="0.038" errors="0">
  <testcase name="getData" time="0.016" classname="example.DataProviderExp"/>
  <testcase name="getData" time="0.022" classname="example.DataProviderExp"/>
  <testcase name="getData" time="0.000" classname="example.DataProviderExp"/>
</testsuite> <!-- example.DataProviderExp -->
