<?xml version="1.0" encoding="UTF-8"?>
<!-- Generated by org.testng.reporters.JUnitReportReporter -->
<testsuite skipped="0" hostname="DELL-235CI4GQPV" name="com.class03.BasicXMLPartTwo" tests="3" failures="0" timestamp="06 Jun 2019 23:29:23 GMT" time="0.046" errors="0">
  <testcase name="testSecondFromBasic2" time="0.016" classname="com.class03.BasicXMLPartTwo"/>
  <testcase name="testThirdFromBasic2" time="0.015" classname="com.class03.BasicXMLPartTwo"/>
  <testcase name="testOneFromBasic2" time="0.015" classname="com.class03.BasicXMLPartTwo"/>
</testsuite> <!-- com.class03.BasicXMLPartTwo -->
