<?xml version="1.0" encoding="UTF-8"?>
<!-- Generated by org.testng.reporters.JUnitReportReporter -->
<testsuite skipped="0" hostname="DELL-235CI4GQPV" name="com.class02.HW1" tests="1" failures="0" timestamp="06 Jun 2019 20:12:58 GMT" time="0.013" errors="0">
  <testcase name="methodTest" time="0.013" classname="com.class02.HW1"/>
</testsuite> <!-- com.class02.HW1 -->
