<?xml version="1.0" encoding="UTF-8"?>
<!-- Generated by org.testng.reporters.JUnitReportReporter -->
<testsuite skipped="0" hostname="DELL-235CI4GQPV" name="com.class04.ToolsQaExample" tests="4" failures="0" timestamp="07 Jun 2019 02:02:05 GMT" time="55.278" errors="0">
  <testcase name="getData" time="11.759" classname="com.class04.ToolsQaExample"/>
  <testcase name="getData" time="19.647" classname="com.class04.ToolsQaExample"/>
  <testcase name="getData" time="12.744" classname="com.class04.ToolsQaExample"/>
  <testcase name="getData" time="11.128" classname="com.class04.ToolsQaExample"/>
</testsuite> <!-- com.class04.ToolsQaExample -->
