<?xml version="1.0" encoding="UTF-8"?>
<!-- Generated by org.testng.reporters.JUnitReportReporter -->
<testsuite skipped="0" hostname="DELL-235CI4GQPV" name="com.class04.task1" tests="1" failures="0" timestamp="07 Jun 2019 00:20:54 GMT" time="10.275" errors="0">
  <testcase name="login" time="10.275" classname="com.class04.task1"/>
</testsuite> <!-- com.class04.task1 -->
