<?xml version="1.0" encoding="UTF-8"?>
<!-- Generated by org.testng.reporters.JUnitReportReporter -->
<testsuite skipped="0" hostname="DELL-235CI4GQPV" name="com.class05.demoTest" tests="2" failures="0" timestamp="12 Jun 2019 01:46:05 GMT" time="22.437" errors="0">
  <testcase name="testCrossBrowser" time="10.440" classname="com.class05.demoTest"/>
  <testcase name="testCrossBrowser" time="11.997" classname="com.class05.demoTest"/>
</testsuite> <!-- com.class05.demoTest -->
