<?xml version="1.0" encoding="UTF-8"?>
<!-- Generated by org.testng.reporters.JUnitReportReporter -->
<testsuite skipped="0" hostname="DELL-235CI4GQPV" name="com.class04.parameterExample" tests="1" failures="0" timestamp="07 Jun 2019 00:34:45 GMT" time="0.032" errors="0">
  <testcase name="userNames" time="0.032" classname="com.class04.parameterExample"/>
</testsuite> <!-- com.class04.parameterExample -->
