<?xml version="1.0" encoding="UTF-8"?>
<!-- Generated by org.testng.reporters.JUnitReportReporter -->
<testsuite skipped="0" hostname="DELL-235CI4GQPV" name="com.class04.TASK" tests="2" failures="0" timestamp="07 Jun 2019 01:28:32 GMT" time="16.859" errors="0">
  <testcase name="login1" time="7.527" classname="com.class04.TASK"/>
  <testcase name="login2" time="9.332" classname="com.class04.TASK"/>
</testsuite> <!-- com.class04.TASK -->
