<?xml version="1.0" encoding="UTF-8"?>
<!-- Generated by org.testng.reporters.JUnitReportReporter -->
<testsuite skipped="0" hostname="DELL-235CI4GQPV" name="com.class01.test" tests="1" failures="0" timestamp="29 May 2019 21:13:53 GMT" time="0.037" errors="0">
  <testcase name="test" time="0.037" classname="com.class01.test"/>
</testsuite> <!-- com.class01.test -->
