<?xml version="1.0" encoding="UTF-8"?>
<!-- Generated by org.testng.reporters.JUnitReportReporter -->
<testsuite skipped="0" hostname="DELL-235CI4GQPV" name="com.class02.SmartBearSoftwareExamples" tests="3" failures="0" timestamp="06 Jun 2019 20:50:04 GMT" time="2.079" errors="0">
  <testcase name="loginScreenTitle" time="0.056" classname="com.class02.SmartBearSoftwareExamples"/>
  <testcase name="login" time="1.872" classname="com.class02.SmartBearSoftwareExamples"/>
  <testcase name="webOrders" time="0.151" classname="com.class02.SmartBearSoftwareExamples"/>
</testsuite> <!-- com.class02.SmartBearSoftwareExamples -->
