<?xml version="1.0" encoding="UTF-8"?>
<!-- Generated by org.testng.reporters.JUnitReportReporter -->
<testsuite skipped="0" hostname="DELL-235CI4GQPV" name="com.class04.parameterExampleTwo" tests="1" failures="0" timestamp="07 Jun 2019 00:59:03 GMT" time="8.480" errors="0">
  <testcase name="testGoogle" time="8.480" classname="com.class04.parameterExampleTwo"/>
</testsuite> <!-- com.class04.parameterExampleTwo -->
