<?xml version="1.0" encoding="UTF-8"?>
<!-- Generated by org.testng.reporters.JUnitReportReporter -->
<testsuite skipped="0" hostname="DELL-235CI4GQPV" name="com.class04.DataProviderTest" tests="3" failures="0" timestamp="07 Jun 2019 18:31:00 GMT" time="0.016" errors="0">
  <testcase name="getData" time="0.000" classname="com.class04.DataProviderTest"/>
  <testcase name="getData" time="0.016" classname="com.class04.DataProviderTest"/>
  <testcase name="getData" time="0.000" classname="com.class04.DataProviderTest"/>
</testsuite> <!-- com.class04.DataProviderTest -->
