<?xml version="1.0" encoding="UTF-8"?>
<!-- Generated by org.testng.reporters.JUnitReportReporter -->
<testsuite skipped="0" hostname="DELL-235CI4GQPV" name="com.class02.priortyExampleTwo" tests="2" failures="0" timestamp="30 May 2019 23:36:16 GMT" time="4.432" errors="0">
  <testcase name="login" time="2.355" classname="com.class02.priortyExampleTwo"/>
  <testcase name="mainPage" time="2.077" classname="com.class02.priortyExampleTwo"/>
</testsuite> <!-- com.class02.priortyExampleTwo -->
